<?xml version="1.0" encoding="UTF-8"?>
<testng-results skipped="0" failed="0" ignored="0" total="2" passed="2">
  <reporter-output>
  </reporter-output>
  <suite name="Suite" duration-ms="9894" started-at="2023-05-02T10:55:03Z" finished-at="2023-05-02T10:55:13Z">
    <groups>
    </groups>
    <test name="Test" duration-ms="9894" started-at="2023-05-02T10:55:03Z" finished-at="2023-05-02T10:55:13Z">
      <class name="testcases.LoginTest">
        <test-method status="PASS" signature="Setup()[pri:0, instance:testcases.LoginTest@709ba3fb]" name="Setup" is-config="true" duration-ms="1003" started-at="2023-05-02T10:55:03Z" finished-at="2023-05-02T10:55:04Z">
          <reporter-output>
          </reporter-output>
        </test-method> <!-- Setup -->
        <test-method status="PASS" signature="setup(java.lang.reflect.Method)[pri:0, instance:testcases.LoginTest@709ba3fb]" name="setup" is-config="true" duration-ms="3406" started-at="2023-05-02T10:55:04Z" finished-at="2023-05-02T10:55:07Z">
          <params>
            <param index="0">
              <value>
                <![CDATA[public void testcases.LoginTest.negative(java.lang.reflect.Method) throws com.codoid.products.exception.FilloException]]>
              </value>
            </param>
          </params>
          <reporter-output>
          </reporter-output>
        </test-method> <!-- setup -->
        <test-method status="PASS" signature="negative(java.lang.reflect.Method)[pri:0, instance:testcases.LoginTest@709ba3fb]" name="negative" duration-ms="992" started-at="2023-05-02T10:55:07Z" finished-at="2023-05-02T10:55:08Z">
          <params>
            <param index="0">
              <value>
                <![CDATA[public void testcases.LoginTest.negative(java.lang.reflect.Method) throws com.codoid.products.exception.FilloException]]>
              </value>
            </param>
          </params>
          <reporter-output>
          </reporter-output>
        </test-method> <!-- negative -->
        <test-method status="PASS" signature="TearDown()[pri:0, instance:testcases.LoginTest@709ba3fb]" name="TearDown" is-config="true" duration-ms="783" started-at="2023-05-02T10:55:08Z" finished-at="2023-05-02T10:55:09Z">
          <reporter-output>
          </reporter-output>
        </test-method> <!-- TearDown -->
        <test-method status="PASS" signature="setup(java.lang.reflect.Method)[pri:0, instance:testcases.LoginTest@709ba3fb]" name="setup" is-config="true" duration-ms="2351" started-at="2023-05-02T10:55:09Z" finished-at="2023-05-02T10:55:11Z">
          <params>
            <param index="0">
              <value>
                <![CDATA[public void testcases.LoginTest.positive(java.lang.reflect.Method) throws com.codoid.products.exception.FilloException]]>
              </value>
            </param>
          </params>
          <reporter-output>
          </reporter-output>
        </test-method> <!-- setup -->
        <test-method status="PASS" signature="positive(java.lang.reflect.Method)[pri:0, instance:testcases.LoginTest@709ba3fb]" name="positive" duration-ms="650" started-at="2023-05-02T10:55:11Z" finished-at="2023-05-02T10:55:12Z">
          <params>
            <param index="0">
              <value>
                <![CDATA[public void testcases.LoginTest.positive(java.lang.reflect.Method) throws com.codoid.products.exception.FilloException]]>
              </value>
            </param>
          </params>
          <reporter-output>
          </reporter-output>
        </test-method> <!-- positive -->
        <test-method status="PASS" signature="TearDown()[pri:0, instance:testcases.LoginTest@709ba3fb]" name="TearDown" is-config="true" duration-ms="677" started-at="2023-05-02T10:55:12Z" finished-at="2023-05-02T10:55:13Z">
          <reporter-output>
          </reporter-output>
        </test-method> <!-- TearDown -->
      </class> <!-- testcases.LoginTest -->
    </test> <!-- Test -->
  </suite> <!-- Suite -->
</testng-results>
